[2025-01-29T16:43:52.653861+00:00] request_logger.INFO: GET: / took 96.5 ms [] []
[2025-01-29T16:43:54.648780+00:00] request_logger.INFO: GET: / took 74.98 ms [] []
[2025-01-29T16:43:54.852018+00:00] request_logger.INFO: GET: / took 82.49 ms [] []
[2025-01-29T16:43:55.059300+00:00] request_logger.INFO: GET: / took 67.14 ms [] []
[2025-01-29T16:44:06.637519+00:00] request_logger.INFO: GET: / took 25.1 ms [] []
[2025-01-29T16:44:07.180619+00:00] request_logger.INFO: GET: / took 3.8 ms [] []
[2025-01-29T16:44:08.979795+00:00] request_logger.INFO: GET: / took 3.86 ms [] []
[2025-01-29T16:44:09.176467+00:00] request_logger.INFO: GET: / took 3.66 ms [] []
[2025-01-29T16:44:09.346928+00:00] request_logger.INFO: GET: / took 3.4 ms [] []
[2025-01-29T16:44:48.711187+00:00] request_logger.INFO: GET: / took 4.75 ms [] []
[2025-01-29T16:44:50.811279+00:00] request_logger.INFO: GET: / took 3.66 ms [] []
[2025-01-29T16:44:51.147439+00:00] request_logger.INFO: GET: / took 3.78 ms [] []
[2025-01-29T16:44:52.224689+00:00] request_logger.INFO: GET: /logout took 3.44 ms [] []
[2025-01-29T16:44:52.236768+00:00] request_logger.INFO: GET: /login took 3.59 ms [] []
[2025-01-29T16:44:53.401955+00:00] request_logger.INFO: GET: /login took 3.34 ms [] []
[2025-01-29T16:44:53.831529+00:00] request_logger.INFO: GET: /login took 3.19 ms [] []
[2025-01-29T16:44:54.254051+00:00] request_logger.INFO: GET: /login took 3.21 ms [] []
[2025-01-29T16:44:54.549105+00:00] request_logger.INFO: GET: /login took 3.27 ms [] []
[2025-01-29T16:53:00.249482+00:00] request_logger.INFO: GET: /login took 5.35 ms [] []
[2025-01-29T16:53:05.112512+00:00] request_logger.INFO: POST: /login took 41.36 ms [] []
[2025-01-29T16:53:05.125074+00:00] request_logger.INFO: GET: / took 3.19 ms [] []
[2025-01-29T16:53:06.650013+00:00] request_logger.INFO: GET: / took 3.63 ms [] []
[2025-01-29T16:54:27.355424+00:00] request_logger.INFO: GET: / took 17.79 ms [] []
[2025-01-29T16:54:28.105160+00:00] request_logger.INFO: GET: / took 4.06 ms [] []
[2025-01-29T16:54:29.844722+00:00] request_logger.INFO: GET: /login took 3.21 ms [] []
[2025-01-29T16:54:34.837629+00:00] request_logger.INFO: POST: /login took 38.81 ms [] []
[2025-01-29T16:54:34.847926+00:00] request_logger.INFO: GET: / took 3.43 ms [] []
[2025-01-29T16:54:45.671699+00:00] request_logger.INFO: GET: /login took 3.23 ms [] []
[2025-01-29T16:54:46.174784+00:00] request_logger.INFO: GET: / took 3.58 ms [] []
[2025-01-29T16:54:47.341382+00:00] request_logger.INFO: GET: /login took 3.27 ms [] []
[2025-01-29T16:54:48.149598+00:00] request_logger.INFO: GET: /login took 3.25 ms [] []
[2025-01-29T16:54:48.958962+00:00] request_logger.INFO: GET: /about took 3.65 ms [] []
[2025-01-29T16:54:49.455727+00:00] request_logger.INFO: GET: /contact took 3.87 ms [] []
[2025-01-29T16:54:50.382298+00:00] request_logger.INFO: GET: /login took 3.18 ms [] []
[2025-01-29T16:54:51.430774+00:00] request_logger.INFO: GET: /login took 3.23 ms [] []
[2025-01-29T16:54:51.775402+00:00] request_logger.INFO: GET: /about took 4.43 ms [] []
[2025-01-29T16:54:53.051046+00:00] request_logger.INFO: GET: /about took 4.54 ms [] []
[2025-01-29T16:54:53.516850+00:00] request_logger.INFO: GET: /login took 3.3 ms [] []
[2025-01-29T16:54:56.244074+00:00] request_logger.INFO: POST: /login took 55.8 ms [] []
[2025-01-29T16:54:56.254656+00:00] request_logger.INFO: GET: / took 3.72 ms [] []
[2025-01-29T16:54:58.612012+00:00] request_logger.INFO: GET: / took 3.9 ms [] []
[2025-01-29T16:54:58.999444+00:00] request_logger.INFO: GET: / took 3.89 ms [] []
[2025-01-29T16:54:59.203146+00:00] request_logger.INFO: GET: / took 3.39 ms [] []
[2025-01-29T16:55:00.103251+00:00] request_logger.INFO: GET: /login took 3.33 ms [] []
[2025-01-29T16:55:00.680965+00:00] request_logger.INFO: GET: /login took 4.17 ms [] []
[2025-01-29T16:55:01.682114+00:00] request_logger.INFO: GET: / took 4.93 ms [] []
[2025-01-29T16:55:03.358230+00:00] request_logger.INFO: GET: /login took 3.28 ms [] []
[2025-01-29T16:55:03.951814+00:00] request_logger.INFO: GET: /login took 3.7 ms [] []
[2025-01-29T16:55:04.687497+00:00] request_logger.INFO: GET: /login took 3.54 ms [] []
[2025-01-29T16:55:05.551412+00:00] request_logger.INFO: GET: / took 3.9 ms [] []
[2025-01-29T16:55:23.414591+00:00] request_logger.INFO: GET: /login took 3.17 ms [] []
[2025-01-29T16:55:24.143424+00:00] request_logger.INFO: GET: /login took 3.21 ms [] []
[2025-01-29T16:55:29.941778+00:00] request_logger.INFO: GET: /login took 3.97 ms [] []
[2025-01-29T16:55:46.951113+00:00] request_logger.INFO: GET: /login took 3.99 ms [] []
[2025-01-29T16:55:48.865676+00:00] request_logger.INFO: GET: /staffs took 44.75 ms [] []
[2025-01-29T16:55:52.706370+00:00] request_logger.INFO: GET: /staffs took 7.42 ms [] []
[2025-01-29T16:58:14.911532+00:00] request_logger.INFO: GET: / took 5 ms [] []
[2025-01-29T16:58:15.188820+00:00] request_logger.INFO: GET: / took 4.22 ms [] []
[2025-01-29T16:58:16.402503+00:00] request_logger.INFO: GET: / took 4 ms [] []
[2025-01-29T16:58:19.453585+00:00] request_logger.INFO: GET: / took 4.19 ms [] []
[2025-01-29T16:58:19.798814+00:00] request_logger.INFO: GET: / took 3.95 ms [] []
[2025-01-29T16:58:20.533048+00:00] request_logger.INFO: GET: /staffs took 19.55 ms [] []
[2025-01-29T16:58:20.963978+00:00] request_logger.INFO: GET: /about took 3.69 ms [] []
[2025-01-29T16:58:21.569833+00:00] request_logger.INFO: GET: / took 3.4 ms [] []
[2025-01-29T16:58:22.504814+00:00] request_logger.INFO: GET: / took 3.6 ms [] []
[2025-01-29T16:58:22.726441+00:00] request_logger.INFO: GET: / took 3.59 ms [] []
[2025-01-29T16:58:22.899307+00:00] request_logger.INFO: GET: / took 3.8 ms [] []
[2025-01-29T16:58:23.429623+00:00] request_logger.INFO: GET: / took 4.45 ms [] []
[2025-01-29T16:58:24.213458+00:00] request_logger.INFO: GET: /about took 3.75 ms [] []
[2025-01-29T16:58:24.644666+00:00] request_logger.INFO: GET: /contact took 4.56 ms [] []
[2025-01-29T16:59:14.248987+00:00] request_logger.INFO: GET: /contact took 3.6 ms [] []
[2025-01-29T16:59:15.975597+00:00] request_logger.INFO: GET: /staffs took 7.77 ms [] []
[2025-01-29T16:59:16.520945+00:00] request_logger.INFO: GET: /about took 3.4 ms [] []
[2025-01-29T16:59:17.148695+00:00] request_logger.INFO: GET: / took 4.49 ms [] []
[2025-01-29T16:59:17.607829+00:00] request_logger.INFO: GET: /staffs took 6.44 ms [] []
[2025-01-29T16:59:18.070879+00:00] request_logger.INFO: GET: /about took 3.79 ms [] []
[2025-01-29T16:59:18.661074+00:00] request_logger.INFO: GET: /contact took 3.19 ms [] []
[2025-01-29T16:59:19.132220+00:00] request_logger.INFO: GET: /staffs took 18.34 ms [] []
[2025-01-29T16:59:19.304850+00:00] request_logger.INFO: GET: /staffs took 31.5 ms [] []
[2025-01-29T16:59:19.633095+00:00] request_logger.INFO: GET: /staffs took 22.39 ms [] []
[2025-01-29T16:59:19.802831+00:00] request_logger.INFO: GET: /staffs took 16.66 ms [] []
[2025-01-29T16:59:19.959323+00:00] request_logger.INFO: GET: /staffs took 6.09 ms [] []
[2025-01-29T16:59:20.173860+00:00] request_logger.INFO: GET: /staffs took 28.15 ms [] []
